
========================================
  IT Help Desk  ->  http://localhost:3000
========================================
  Active Directory login: ENABLED
  AD Server: ldap://192.168.1.10:389
  AD Domain: nasoa.mil
========================================

[2026-06-29 06:26:34] GET /
[2026-06-29 06:26:34] GET /assets/index-D2_oFTqo.css
[2026-06-29 06:26:34] GET /assets/index-Dce55ljv.js
[2026-06-29 06:26:34] GET /assets/logo-CoKDm7tD.png

========================================
  IT Help Desk  ->  http://localhost:3000
========================================
  Active Directory login: ENABLED
  AD Server: ldap://192.168.1.10:389
  AD Domain: nasoa.mil
========================================

[SSE] active connections: 0
[SSE] active connections: 0
[SSE] active connections: 0
[SSE] active connections: 0
[SSE] active connections: 0
[SSE] active connections: 0
[SSE] active connections: 0
[SSE] active connections: 0
[SSE] active connections: 0
[SSE] active connections: 0
[SSE] active connections: 0
[SSE] active connections: 0
[SSE] active connections: 0
[SSE] active connections: 0
[SSE] active connections: 0
[SSE] active connections: 0
[SSE] active connections: 0

========================================
  IT Help Desk  ->  http://localhost:3000
========================================
  Active Directory login: ENABLED
  AD Server: ldap://192.168.1.10:389
  AD Domain: nasoa.mil
========================================

[SSE] active connections: 0
[2026-06-29 08:07:30] GET /
[2026-06-29 08:07:30] GET /assets/index-BrrI9CMR.js
[2026-06-29 08:07:30] GET /assets/index-D2_oFTqo.css
[2026-06-29 08:07:30] GET /assets/logo-CoKDm7tD.png
[2026-06-29 08:07:47] POST /api/auth/login
[2026-06-29 08:07:47] GET /api/auth/me
[2026-06-29 08:07:47] GET /api/complaints
[2026-06-29 08:07:47] GET /api/complaints/stats
[2026-06-29 08:07:47] GET /api/events
[2026-06-29 08:07:47] GET /api/tasks/due
[2026-06-29 08:07:47] GET /api/file-sharing
[2026-06-29 08:07:47] GET /api/complaints
[2026-06-29 08:07:47] GET /api/complaints/stats
[2026-06-29 08:07:47] GET /api/file-sharing
[2026-06-29 08:08:04] GET /api/tasks
[2026-06-29 08:08:04] GET /api/tasks
[2026-06-29 08:08:04] GET /api/complaints
[2026-06-29 08:08:06] GET /api/file-sharing
[2026-06-29 08:08:06] GET /api/complaints
[2026-06-29 08:08:10] GET /api/file-tracking/stats
[2026-06-29 08:08:10] GET /api/file-tracking/tasks
[2026-06-29 08:08:10] GET /api/file-tracking/statuses
[2026-06-29 08:08:10] GET /api/complaints
[2026-06-29 08:08:12] GET /api/knowledge
[2026-06-29 08:08:12] GET /api/complaints
[2026-06-29 08:08:14] GET /api/complaints
[2026-06-29 08:08:18] GET /api/settings/modules
[2026-06-29 08:08:18] GET /api/settings/default-modules
[2026-06-29 08:08:18] GET /api/settings/role-access
[2026-06-29 08:08:18] GET /api/complaints
[2026-06-29 08:08:29] GET /
[2026-06-29 08:08:29] GET /assets/index-BrrI9CMR.js
[2026-06-29 08:08:29] GET /assets/index-D2_oFTqo.css
[2026-06-29 08:08:29] GET /assets/logo-CoKDm7tD.png
[2026-06-29 08:08:29] GET /api/complaints
[2026-06-29 08:08:29] GET /api/complaints/stats
[2026-06-29 08:08:29] GET /api/auth/me
[2026-06-29 08:08:29] GET /api/tasks/due
[2026-06-29 08:08:29] GET /api/file-sharing
[2026-06-29 08:08:29] GET /api/events
[2026-06-29 08:08:30] GET /api/complaints
[2026-06-29 08:08:30] GET /api/complaints/stats
[2026-06-29 08:08:30] GET /api/file-sharing

========================================
  ITSM - NAD(A)  ->  http://localhost:3000
========================================
  Active Directory login: ENABLED
  AD Server: ldap://192.168.1.10:389
  AD Domain: nasoa.mil
========================================

[SSE] active connections: 0
[2026-06-29 19:49:17] GET /favicon.png
[2026-06-29 19:49:17] GET /favicon.ico
[2026-06-29 19:49:22] GET /
[2026-06-29 19:49:22] GET /assets/index-DN8ff8Ud.js
[2026-06-29 19:49:22] GET /assets/index-D8TJEX24.css
[2026-06-29 19:49:22] GET /assets/logo-CoKDm7tD.png
[2026-06-29 19:49:22] GET /api/dashboard/summary
[2026-06-29 19:49:22] GET /api/complaints
[2026-06-29 19:49:22] GET /api/events
[2026-06-29 19:49:22] GET /api/complaints/stats
[2026-06-29 19:49:22] GET /api/auth/me
[2026-06-29 19:49:22] GET /api/tasks/due
[2026-06-29 19:49:22] GET /api/file-sharing
[2026-06-29 19:49:22] GET /api/complaints
[2026-06-29 19:49:22] GET /api/complaints/stats
[2026-06-29 19:49:22] GET /api/file-sharing
[2026-06-29 19:49:36] GET /api/complaints
[2026-06-29 19:49:47] GET /api/complaints
[2026-06-29 19:50:06] POST /api/auth/login
[2026-06-29 19:50:06] GET /api/dashboard/summary
[2026-06-29 19:50:06] GET /api/complaints
[2026-06-29 19:50:06] GET /api/complaints/stats
[2026-06-29 19:50:06] GET /api/auth/me
[2026-06-29 19:50:06] GET /api/tasks/due
[2026-06-29 19:50:06] GET /api/file-sharing
[2026-06-29 19:50:06] GET /api/events
[2026-06-29 19:50:06] GET /api/complaints
[2026-06-29 19:50:06] GET /api/complaints/stats
[2026-06-29 19:50:06] GET /api/file-sharing
[2026-06-29 19:50:13] GET /
[2026-06-29 19:50:13] GET /assets/index-DN8ff8Ud.js
[2026-06-29 19:50:13] GET /assets/index-D8TJEX24.css
[2026-06-29 19:50:13] GET /assets/logo-CoKDm7tD.png
[2026-06-29 19:50:13] GET /api/dashboard/summary
[2026-06-29 19:50:13] GET /api/complaints
[2026-06-29 19:50:13] GET /api/events
[2026-06-29 19:50:13] GET /api/complaints/stats
[2026-06-29 19:50:13] GET /api/auth/me
[2026-06-29 19:50:13] GET /api/tasks/due
[2026-06-29 19:50:13] GET /api/file-sharing
[2026-06-29 19:50:13] GET /favicon.png
[2026-06-29 19:50:13] GET /api/complaints/stats
[2026-06-29 19:50:13] GET /api/complaints
[2026-06-29 19:50:13] GET /api/file-sharing
[2026-06-29 19:50:23] POST /api/auth/login
[2026-06-29 19:50:23] GET /api/dashboard/summary
[2026-06-29 19:50:23] GET /api/complaints
[2026-06-29 19:50:23] GET /api/complaints/stats
[2026-06-29 19:50:23] GET /api/auth/me
[2026-06-29 19:50:23] GET /api/tasks/due
[2026-06-29 19:50:23] GET /api/events
[2026-06-29 19:50:23] GET /api/file-sharing
[2026-06-29 19:50:23] GET /api/complaints
[2026-06-29 19:50:23] GET /api/complaints/stats
[2026-06-29 19:50:23] GET /api/file-sharing
[2026-06-29 19:50:26] GET /api/settings/modules
[2026-06-29 19:50:26] GET /api/settings/default-modules
[2026-06-29 19:50:26] GET /api/settings/role-access
[2026-06-29 19:50:26] GET /api/complaints
[2026-06-29 19:50:31] PUT /api/settings/role-access/6
[2026-06-29 19:50:39] POST /api/auth/login
[2026-06-29 19:50:39] GET /api/dashboard/summary
[2026-06-29 19:50:39] GET /api/complaints
[2026-06-29 19:50:39] GET /api/complaints/stats
[2026-06-29 19:50:39] GET /api/events
[2026-06-29 19:50:39] GET /api/auth/me
[2026-06-29 19:50:39] GET /api/tasks/due
[2026-06-29 19:50:39] GET /api/file-sharing
[2026-06-29 19:50:39] GET /api/complaints
[2026-06-29 19:50:39] GET /api/complaints/stats
[2026-06-29 19:50:39] GET /api/file-sharing
[2026-06-29 19:50:43] GET /api/complaints
[2026-06-29 19:50:58] GET /api/complaints
[SSE] active connections: 1
[2026-06-29 19:53:47] GET /
[2026-06-29 19:53:47] GET /assets/index-DN8ff8Ud.js
[2026-06-29 19:53:47] GET /assets/index-D8TJEX24.css
[2026-06-29 19:53:47] GET /api/events
[2026-06-29 19:53:47] GET /assets/logo-CoKDm7tD.png
[2026-06-29 19:53:47] GET /api/dashboard/summary
[2026-06-29 19:53:47] GET /api/complaints
[2026-06-29 19:53:47] GET /api/complaints/stats
[2026-06-29 19:53:47] GET /api/auth/me
[2026-06-29 19:53:47] GET /api/tasks/due
[2026-06-29 19:53:47] GET /api/file-sharing
[2026-06-29 19:53:47] GET /favicon.png
[2026-06-29 19:53:47] GET /api/complaints
[2026-06-29 19:53:47] GET /api/complaints/stats
[2026-06-29 19:53:47] GET /api/file-sharing
[2026-06-29 19:54:05] GET /api/tasks
[2026-06-29 19:54:05] GET /api/complaints
[2026-06-29 19:54:08] GET /api/dashboard/summary
[2026-06-29 19:54:08] GET /api/complaints
[2026-06-29 19:54:08] GET /api/complaints/stats
[2026-06-29 19:54:08] GET /api/file-sharing
[2026-06-29 19:54:08] GET /api/complaints
[2026-06-29 19:54:11] GET /api/dashboard/summary
[2026-06-29 19:54:11] GET /api/complaints
[2026-06-29 19:54:11] GET /api/complaints/stats
[2026-06-29 19:54:12] GET /api/file-tracking/stats
[2026-06-29 19:54:12] GET /api/file-tracking/tasks
[2026-06-29 19:54:12] GET /api/file-tracking/statuses
[2026-06-29 19:54:12] GET /api/complaints
[2026-06-29 19:54:15] GET /api/knowledge
[2026-06-29 19:54:15] GET /api/complaints
[2026-06-29 19:54:16] GET /api/file-tracking/stats
[2026-06-29 19:54:16] GET /api/file-tracking/tasks
[2026-06-29 19:54:16] GET /api/file-tracking/statuses
[2026-06-29 19:54:16] GET /api/complaints
[2026-06-29 19:54:17] GET /api/file-sharing
[2026-06-29 19:54:17] GET /api/complaints
[2026-06-29 19:54:18] GET /api/tasks
[2026-06-29 19:54:18] GET /api/complaints
[2026-06-29 19:54:22] GET /api/dashboard/summary
[2026-06-29 19:54:22] GET /api/complaints
[2026-06-29 19:54:22] GET /api/complaints/stats
[2026-06-29 19:54:26] GET /api/complaints
[2026-06-29 19:54:27] GET /api/complaints
[2026-06-29 19:54:27] GET /api/complaints
[2026-06-29 19:54:28] GET /api/complaints
[2026-06-29 19:54:29] GET /api/complaints
[2026-06-29 19:54:31] GET /api/tasks
[2026-06-29 19:54:31] GET /api/complaints
[2026-06-29 19:54:32] GET /api/file-sharing
[2026-06-29 19:54:32] GET /api/complaints
[2026-06-29 19:54:32] GET /api/file-tracking/stats
[2026-06-29 19:54:32] GET /api/file-tracking/tasks
[2026-06-29 19:54:32] GET /api/file-tracking/statuses
[2026-06-29 19:54:32] GET /api/complaints
[2026-06-29 19:54:32] GET /api/knowledge
[2026-06-29 19:54:32] GET /api/complaints
[2026-06-29 19:54:34] GET /api/dashboard/summary
[2026-06-29 19:54:34] GET /api/complaints
[2026-06-29 19:54:34] GET /api/complaints/stats
[2026-06-29 19:57:50] GET /api/events
[SSE] active connections: 1
[2026-06-29 19:58:47] GET /api/file-sharing
[SSE] active connections: 0
[SSE] active connections: 0
[SSE] active connections: 0
[SSE] active connections: 0
[SSE] active connections: 0
[SSE] active connections: 0
[SSE] active connections: 0
[SSE] active connections: 0
[SSE] active connections: 0
[SSE] active connections: 0
[SSE] active connections: 0
[SSE] active connections: 0
[SSE] active connections: 0
[SSE] active connections: 0
[SSE] active connections: 0
[SSE] active connections: 0
[SSE] active connections: 0
[SSE] active connections: 0
[SSE] active connections: 0
[SSE] active connections: 0
[SSE] active connections: 0
[SSE] active connections: 0
[SSE] active connections: 0
[SSE] active connections: 0
[SSE] active connections: 0
[SSE] active connections: 0
[SSE] active connections: 0
[SSE] active connections: 0
[SSE] active connections: 0
[SSE] active connections: 0
[SSE] active connections: 0
[SSE] active connections: 0
[SSE] active connections: 0
[SSE] active connections: 0
[SSE] active connections: 0
[SSE] active connections: 0
[SSE] active connections: 0
[SSE] active connections: 0
[SSE] active connections: 0
[SSE] active connections: 0
[SSE] active connections: 0
[SSE] active connections: 0
[SSE] active connections: 0
[SSE] active connections: 0
[SSE] active connections: 0
[SSE] active connections: 0
[SSE] active connections: 0
[SSE] active connections: 0
[SSE] active connections: 0
[SSE] active connections: 0
[SSE] active connections: 0
[SSE] active connections: 0
[SSE] active connections: 0
[SSE] active connections: 0
[2026-06-30 00:31:32] POST /api/auth/login
[2026-06-30 00:31:32] GET /api/dashboard/summary
[2026-06-30 00:31:32] GET /api/complaints
[2026-06-30 00:31:32] GET /api/complaints/stats
[2026-06-30 00:31:32] GET /api/auth/me
[2026-06-30 00:31:32] GET /api/tasks/due
[2026-06-30 00:31:32] GET /api/file-sharing
[2026-06-30 00:31:32] GET /api/events
[2026-06-30 00:31:32] GET /api/complaints
[2026-06-30 00:31:32] GET /api/complaints/stats
[2026-06-30 00:31:32] GET /api/file-sharing
[SSE] active connections: 1
[2026-06-30 00:35:35] GET /api/events
[2026-06-30 00:36:32] GET /api/file-sharing
[SSE] active connections: 1
[2026-06-30 00:39:38] GET /api/events
[2026-06-30 00:41:32] GET /api/file-sharing
[SSE] active connections: 1
[2026-06-30 00:43:41] GET /api/events
[2026-06-30 00:46:32] GET /api/file-sharing
[2026-06-30 00:47:44] GET /api/events
[SSE] active connections: 1
[2026-06-30 00:51:32] GET /api/file-sharing
[2026-06-30 00:51:47] GET /api/events
[SSE] active connections: 1
[2026-06-30 00:55:50] GET /api/events
[2026-06-30 00:56:32] GET /api/file-sharing
[SSE] active connections: 1
[2026-06-30 00:59:53] GET /api/events
[2026-06-30 01:01:32] GET /api/tasks/due
[2026-06-30 01:01:32] GET /api/file-sharing
[SSE] active connections: 1
[2026-06-30 01:03:56] GET /api/events
[2026-06-30 01:06:32] GET /api/file-sharing
[SSE] active connections: 0
[2026-06-30 01:07:59] GET /api/events
[2026-06-30 01:11:32] GET /api/file-sharing
[2026-06-30 01:12:02] GET /api/events
[SSE] active connections: 1
[2026-06-30 01:16:05] GET /api/events
[2026-06-30 01:16:32] GET /api/file-sharing
[SSE] active connections: 1
[2026-06-30 01:20:08] GET /api/events
[2026-06-30 01:21:32] GET /api/file-sharing
[SSE] active connections: 1
[2026-06-30 01:24:11] GET /api/events
[2026-06-30 01:26:32] GET /api/file-sharing
[SSE] active connections: 1
[2026-06-30 01:28:14] GET /api/events
[2026-06-30 01:31:32] GET /api/tasks/due
[2026-06-30 01:31:32] GET /api/file-sharing
[2026-06-30 01:32:17] GET /api/events
[SSE] active connections: 1
[2026-06-30 01:36:20] GET /api/events
[2026-06-30 01:36:32] GET /api/file-sharing
[SSE] active connections: 1
[2026-06-30 01:40:23] GET /api/events
[2026-06-30 01:41:32] GET /api/file-sharing
[SSE] active connections: 1
[2026-06-30 01:44:26] GET /api/events
[2026-06-30 01:46:32] GET /api/file-sharing
[SSE] active connections: 1
[2026-06-30 01:48:29] GET /api/events
[2026-06-30 01:51:32] GET /api/file-sharing
[2026-06-30 01:52:32] GET /api/events
[SSE] active connections: 1
[2026-06-30 01:56:32] GET /api/file-sharing
[2026-06-30 01:56:36] GET /api/events
[SSE] active connections: 1
[2026-06-30 02:00:39] GET /api/events
[2026-06-30 02:01:32] GET /api/tasks/due
[2026-06-30 02:01:32] GET /api/file-sharing
[SSE] active connections: 1
[2026-06-30 02:04:42] GET /api/events
[2026-06-30 02:06:32] GET /api/file-sharing
[SSE] active connections: 1
[2026-06-30 02:08:45] GET /api/events
[2026-06-30 02:11:32] GET /api/file-sharing
[2026-06-30 02:12:48] GET /api/events
[SSE] active connections: 1
[2026-06-30 02:16:32] GET /api/file-sharing
[2026-06-30 02:16:51] GET /api/events
[SSE] active connections: 1
[2026-06-30 02:20:54] GET /api/events
[2026-06-30 02:21:32] GET /api/file-sharing
[SSE] active connections: 1
[2026-06-30 02:24:57] GET /api/events
[2026-06-30 02:26:32] GET /api/file-sharing
[SSE] active connections: 1
[2026-06-30 02:29:00] GET /api/events
[2026-06-30 02:31:32] GET /api/tasks/due
[2026-06-30 02:31:32] GET /api/file-sharing
[SSE] active connections: 1
[2026-06-30 02:33:03] GET /api/events
[2026-06-30 02:36:32] GET /api/file-sharing
[2026-06-30 02:37:06] GET /api/events
[SSE] active connections: 1
[2026-06-30 02:41:09] GET /api/events
[2026-06-30 02:41:32] GET /api/file-sharing
[SSE] active connections: 1
[2026-06-30 02:45:12] GET /api/events
[2026-06-30 02:46:32] GET /api/file-sharing
[SSE] active connections: 1
[2026-06-30 02:49:15] GET /api/events
[2026-06-30 02:51:32] GET /api/file-sharing
[SSE] active connections: 1
[2026-06-30 02:53:18] GET /api/events
[2026-06-30 02:56:32] GET /api/file-sharing
[2026-06-30 02:57:21] GET /api/events
[SSE] active connections: 1
[2026-06-30 03:01:24] GET /api/events
[2026-06-30 03:01:32] GET /api/tasks/due
[2026-06-30 03:01:32] GET /api/file-sharing
[SSE] active connections: 1
[2026-06-30 03:05:27] GET /api/events
[2026-06-30 03:06:32] GET /api/file-sharing
[SSE] active connections: 1
[2026-06-30 03:09:30] GET /api/events
[2026-06-30 03:11:32] GET /api/file-sharing
[SSE] active connections: 1
[2026-06-30 03:13:33] GET /api/events
[2026-06-30 03:16:32] GET /api/file-sharing
[2026-06-30 03:17:36] GET /api/events
[SSE] active connections: 1
[2026-06-30 03:21:32] GET /api/file-sharing
[2026-06-30 03:21:39] GET /api/events
[SSE] active connections: 1
[2026-06-30 03:25:42] GET /api/events
[2026-06-30 03:26:32] GET /api/file-sharing
[SSE] active connections: 1
[2026-06-30 03:29:45] GET /api/events
[2026-06-30 03:31:32] GET /api/tasks/due
[2026-06-30 03:31:32] GET /api/file-sharing
[SSE] active connections: 1
[2026-06-30 03:33:48] GET /api/events
[2026-06-30 03:36:32] GET /api/file-sharing
[2026-06-30 03:37:51] GET /api/events
[SSE] active connections: 1
[2026-06-30 03:41:32] GET /api/file-sharing
[2026-06-30 03:41:54] GET /api/events
[SSE] active connections: 1
[2026-06-30 03:45:57] GET /api/events
[2026-06-30 03:46:32] GET /api/file-sharing
[SSE] active connections: 1
[2026-06-30 03:50:00] GET /api/events
[2026-06-30 03:51:32] GET /api/file-sharing
[SSE] active connections: 1
[2026-06-30 03:54:03] GET /api/events
[2026-06-30 03:56:32] GET /api/file-sharing
[SSE] active connections: 1
[2026-06-30 03:58:06] GET /api/events
[2026-06-30 04:01:32] GET /api/tasks/due
[2026-06-30 04:01:32] GET /api/file-sharing
[2026-06-30 04:02:10] GET /api/events
[SSE] active connections: 1
[2026-06-30 04:06:13] GET /api/events
[2026-06-30 04:06:32] GET /api/file-sharing
[SSE] active connections: 1
[2026-06-30 04:10:16] GET /api/events
[2026-06-30 04:11:32] GET /api/file-sharing
[SSE] active connections: 1
[2026-06-30 04:14:19] GET /api/events
[2026-06-30 04:16:32] GET /api/file-sharing
[SSE] active connections: 1
[2026-06-30 04:18:22] GET /api/events
[2026-06-30 04:21:32] GET /api/file-sharing
[2026-06-30 04:22:25] GET /api/events
[SSE] active connections: 1
[2026-06-30 04:26:28] GET /api/events
[2026-06-30 04:26:32] GET /api/file-sharing
[SSE] active connections: 1
[2026-06-30 04:30:31] GET /api/events
[2026-06-30 04:31:32] GET /api/tasks/due
[2026-06-30 04:31:32] GET /api/file-sharing
[SSE] active connections: 1
[2026-06-30 04:34:34] GET /api/events
[2026-06-30 04:36:32] GET /api/file-sharing
[SSE] active connections: 1
[2026-06-30 04:38:37] GET /api/events
[2026-06-30 04:41:32] GET /api/file-sharing
[2026-06-30 04:42:40] GET /api/events
[SSE] active connections: 1
[2026-06-30 04:46:32] GET /api/file-sharing
[2026-06-30 04:46:43] GET /api/events
[SSE] active connections: 1
[2026-06-30 04:50:46] GET /api/events
[2026-06-30 04:51:32] GET /api/file-sharing
[SSE] active connections: 1
[2026-06-30 04:54:49] GET /api/events
[2026-06-30 04:56:32] GET /api/file-sharing
[SSE] active connections: 1
[2026-06-30 04:58:52] GET /api/events
[2026-06-30 05:01:32] GET /api/tasks/due
[2026-06-30 05:01:32] GET /api/file-sharing
[2026-06-30 05:02:55] GET /api/events
[SSE] active connections: 1
[2026-06-30 05:06:32] GET /api/file-sharing
[2026-06-30 05:06:58] GET /api/events
[SSE] active connections: 1
[2026-06-30 05:11:01] GET /api/events
[2026-06-30 05:11:32] GET /api/file-sharing
[SSE] active connections: 1
[2026-06-30 05:15:04] GET /api/events
[2026-06-30 05:16:32] GET /api/file-sharing
[SSE] active connections: 1
[2026-06-30 05:19:07] GET /api/events
[2026-06-30 05:21:32] GET /api/file-sharing
[SSE] active connections: 1
[2026-06-30 05:23:10] GET /api/events
[2026-06-30 05:26:32] GET /api/file-sharing
[2026-06-30 05:27:13] GET /api/events
[SSE] active connections: 1
[2026-06-30 05:31:16] GET /api/events
[2026-06-30 05:31:32] GET /api/tasks/due
[2026-06-30 05:31:32] GET /api/file-sharing
[SSE] active connections: 1
[2026-06-30 05:35:19] GET /api/events
[2026-06-30 05:36:32] GET /api/file-sharing
[SSE] active connections: 1
[2026-06-30 05:39:22] GET /api/events
[2026-06-30 05:41:32] GET /api/file-sharing
[SSE] active connections: 1
[2026-06-30 05:43:25] GET /api/events
[2026-06-30 05:46:32] GET /api/file-sharing
[2026-06-30 05:47:28] GET /api/events
[SSE] active connections: 1
[2026-06-30 05:51:31] GET /api/events
[2026-06-30 05:51:32] GET /api/file-sharing
[SSE] active connections: 1
[2026-06-30 05:55:34] GET /api/events
[2026-06-30 05:56:32] GET /api/file-sharing
[SSE] active connections: 1
[2026-06-30 05:59:38] GET /api/events
[2026-06-30 06:01:32] GET /api/tasks/due
[2026-06-30 06:01:32] GET /api/file-sharing
[SSE] active connections: 1
[2026-06-30 06:03:41] GET /api/events
[2026-06-30 06:06:32] GET /api/file-sharing
[2026-06-30 06:07:44] GET /api/events
[SSE] active connections: 1
[2026-06-30 06:11:32] GET /api/file-sharing
[2026-06-30 06:11:47] GET /api/events
[SSE] active connections: 1
[2026-06-30 06:15:50] GET /api/events
[2026-06-30 06:16:32] GET /api/file-sharing
[SSE] active connections: 1
[2026-06-30 06:19:53] GET /api/events
[2026-06-30 06:21:32] GET /api/file-sharing
[SSE] active connections: 1
[2026-06-30 06:23:56] GET /api/events
[2026-06-30 06:26:32] GET /api/file-sharing
[2026-06-30 06:27:59] GET /api/events
[SSE] active connections: 1
[2026-06-30 06:31:32] GET /api/tasks/due
[2026-06-30 06:31:32] GET /api/file-sharing
[2026-06-30 06:32:02] GET /api/events
[SSE] active connections: 1
[2026-06-30 06:36:05] GET /api/events
[2026-06-30 06:36:32] GET /api/file-sharing
[SSE] active connections: 1
[2026-06-30 06:40:08] GET /api/events
[2026-06-30 06:41:32] GET /api/file-sharing
[SSE] active connections: 1
[2026-06-30 06:44:11] GET /api/events
[SSE] active connections: 0
[SSE] active connections: 0
[SSE] active connections: 0
[SSE] active connections: 0
[SSE] active connections: 0
[SSE] active connections: 0
[SSE] active connections: 0
[SSE] active connections: 0
[SSE] active connections: 0
[SSE] active connections: 0
[SSE] active connections: 0
[SSE] active connections: 0
[SSE] active connections: 0
[SSE] active connections: 0
[SSE] active connections: 0
[SSE] active connections: 0
[SSE] active connections: 0
[SSE] active connections: 0
[SSE] active connections: 0
[SSE] active connections: 0
[SSE] active connections: 0
[SSE] active connections: 0
[SSE] active connections: 0
[SSE] active connections: 0
[SSE] active connections: 0
[SSE] active connections: 0
[SSE] active connections: 0
[SSE] active connections: 0
[SSE] active connections: 0
[SSE] active connections: 0
[SSE] active connections: 0
[SSE] active connections: 0
[SSE] active connections: 0
[SSE] active connections: 0
[SSE] active connections: 0
[SSE] active connections: 0
[SSE] active connections: 0
[SSE] active connections: 0
[SSE] active connections: 0
[SSE] active connections: 0
[SSE] active connections: 0
[SSE] active connections: 0
[SSE] active connections: 0
[SSE] active connections: 0
[SSE] active connections: 0
[2026-06-30 10:32:33] GET /
[2026-06-30 10:32:33] GET /assets/index-D8TJEX24.css
[2026-06-30 10:32:33] GET /assets/index-DN8ff8Ud.js
[2026-06-30 10:32:33] GET /assets/logo-CoKDm7tD.png
[2026-06-30 10:32:33] GET /api/dashboard/summary
[2026-06-30 10:32:33] GET /api/complaints
[2026-06-30 10:32:33] GET /api/complaints/stats
[2026-06-30 10:32:33] GET /api/auth/me
[2026-06-30 10:32:33] GET /api/tasks/due
[2026-06-30 10:32:33] GET /api/file-sharing
[2026-06-30 10:32:33] GET /api/events
[2026-06-30 10:32:33] GET /api/complaints
[2026-06-30 10:32:33] GET /api/complaints/stats
[2026-06-30 10:32:33] GET /api/file-sharing
[SSE] active connections: 1
[2026-06-30 10:36:36] GET /api/events
[2026-06-30 10:37:33] GET /api/file-sharing
[SSE] active connections: 1
[2026-06-30 10:40:40] GET /api/events
[2026-06-30 10:42:34] GET /api/file-sharing
[SSE] active connections: 1
[2026-06-30 10:44:43] GET /api/events
[SSE] active connections: 1
[2026-06-30 10:48:46] GET /api/events
[2026-06-30 10:52:34] GET /api/file-sharing
[2026-06-30 10:52:49] GET /api/events
[SSE] active connections: 1
[2026-06-30 10:56:52] GET /api/events
[2026-06-30 10:57:34] GET /api/file-sharing
[SSE] active connections: 1
[2026-06-30 11:00:55] GET /api/events
[2026-06-30 11:02:34] GET /api/tasks/due
[2026-06-30 11:02:34] GET /api/file-sharing
[SSE] active connections: 1
[2026-06-30 11:04:58] GET /api/events
[SSE] active connections: 1
[2026-06-30 11:08:00] GET /api/file-sharing
[2026-06-30 11:09:02] GET /api/events
[SSE] active connections: 1
[2026-06-30 11:13:00] GET /api/file-sharing
[2026-06-30 11:13:05] GET /api/events
[2026-06-30 11:17:08] GET /api/events
[SSE] active connections: 1
[2026-06-30 11:18:00] GET /api/file-sharing
[2026-06-30 11:21:11] GET /api/events
[SSE] active connections: 1
[2026-06-30 11:23:00] GET /api/file-sharing
[2026-06-30 11:25:14] GET /api/events
[SSE] active connections: 1
[2026-06-30 11:28:00] GET /api/file-sharing
[2026-06-30 11:29:17] GET /api/events
[2026-06-30 11:32:34] GET /api/tasks/due
[SSE] active connections: 1
[2026-06-30 11:33:00] GET /api/file-sharing
[2026-06-30 11:33:20] GET /api/events
[2026-06-30 11:37:23] GET /api/events
[SSE] active connections: 1
[2026-06-30 11:38:00] GET /api/file-sharing
[2026-06-30 11:41:26] GET /api/events
[SSE] active connections: 1
[2026-06-30 11:42:53] GET /api/file-sharing
[2026-06-30 11:45:29] GET /api/events
[2026-06-30 11:47:33] GET /api/file-sharing
[SSE] active connections: 1
[2026-06-30 11:49:32] GET /api/events
[2026-06-30 11:52:33] GET /api/file-sharing
[SSE] active connections: 1
[2026-06-30 11:53:35] GET /api/events
[2026-06-30 11:57:33] GET /api/file-sharing
[2026-06-30 11:57:38] GET /api/events
[SSE] active connections: 1
[2026-06-30 12:01:41] GET /api/events
[2026-06-30 12:02:33] GET /api/tasks/due
[2026-06-30 12:02:33] GET /api/file-sharing
[SSE] active connections: 1
[2026-06-30 12:05:44] GET /api/events
[2026-06-30 12:07:33] GET /api/file-sharing
[SSE] active connections: 1
[2026-06-30 12:09:47] GET /api/events
[2026-06-30 12:12:33] GET /api/file-sharing
[SSE] active connections: 1
[2026-06-30 12:13:50] GET /api/events
[2026-06-30 12:17:33] GET /api/file-sharing
[SSE] active connections: 1
[2026-06-30 12:17:53] GET /api/events
[2026-06-30 12:21:56] GET /api/events
[2026-06-30 12:22:33] GET /api/file-sharing
[SSE] active connections: 1
[2026-06-30 12:25:59] GET /api/events
[2026-06-30 12:27:33] GET /api/file-sharing
[SSE] active connections: 1
[2026-06-30 12:30:02] GET /api/events
[2026-06-30 12:32:33] GET /api/tasks/due
[2026-06-30 12:32:33] GET /api/file-sharing
[SSE] active connections: 1
[2026-06-30 12:34:05] GET /api/events
[2026-06-30 12:37:33] GET /api/file-sharing
[SSE] active connections: 1
[2026-06-30 12:38:08] GET /api/events
[2026-06-30 12:42:11] GET /api/events
[2026-06-30 12:42:33] GET /api/file-sharing
[SSE] active connections: 1
[2026-06-30 12:46:14] GET /api/events
[2026-06-30 12:47:33] GET /api/file-sharing
[SSE] active connections: 1
[2026-06-30 12:50:17] GET /api/events
[2026-06-30 12:52:33] GET /api/file-sharing
[SSE] active connections: 1
[2026-06-30 12:54:20] GET /api/events
[2026-06-30 12:57:33] GET /api/file-sharing
[SSE] active connections: 1
[2026-06-30 12:58:23] GET /api/events
[2026-06-30 13:02:26] GET /api/events
[2026-06-30 13:02:33] GET /api/tasks/due
[2026-06-30 13:02:33] GET /api/file-sharing
[SSE] active connections: 1
[2026-06-30 13:06:29] GET /api/events

========================================
  ITSM - NAD(A)  ->  http://localhost:3000
========================================
  Active Directory login: ENABLED
  AD Server: ldap://192.168.1.10:389
  AD Domain: nasoa.mil
========================================

[SSE] active connections: 0
[SSE] active connections: 0
[SSE] active connections: 0
[SSE] active connections: 0
[SSE] active connections: 0
[SSE] active connections: 0
[SSE] active connections: 0
[2026-06-30 13:47:56] GET /favicon.png
[2026-06-30 13:47:56] GET /favicon.ico
[2026-06-30 13:47:59] GET /fav
[2026-06-30 13:47:59] GET /assets/index-nw-ulPMW.js
[2026-06-30 13:47:59] GET /assets/index-D8TJEX24.css
[2026-06-30 13:47:59] GET /assets/logo-CoKDm7tD.png
[2026-06-30 13:47:59] GET /api/dashboard/summary
[2026-06-30 13:47:59] GET /api/events
[2026-06-30 13:47:59] GET /api/complaints
[2026-06-30 13:47:59] GET /api/complaints/stats
[2026-06-30 13:47:59] GET /api/auth/me
[2026-06-30 13:47:59] GET /api/tasks/due
[2026-06-30 13:47:59] GET /api/file-sharing
[2026-06-30 13:47:59] GET /api/complaints
[2026-06-30 13:47:59] GET /api/complaints/stats
[2026-06-30 13:47:59] GET /api/file-sharing
[2026-06-30 13:48:02] GET /
[2026-06-30 13:48:02] GET /assets/index-nw-ulPMW.js
[2026-06-30 13:48:02] GET /assets/index-D8TJEX24.css
[2026-06-30 13:48:03] GET /assets/logo-CoKDm7tD.png
[2026-06-30 13:48:03] GET /api/dashboard/summary
[2026-06-30 13:48:03] GET /api/complaints
[2026-06-30 13:48:03] GET /api/complaints/stats
[2026-06-30 13:48:03] GET /api/auth/me
[2026-06-30 13:48:03] GET /api/tasks/due
[2026-06-30 13:48:03] GET /api/events
[2026-06-30 13:48:03] GET /api/file-sharing
[2026-06-30 13:48:03] GET /api/complaints
[2026-06-30 13:48:03] GET /api/complaints/stats
[2026-06-30 13:48:03] GET /api/file-sharing
[2026-06-30 13:48:06] GET /api/tasks
[2026-06-30 13:48:06] GET /api/tasks
[2026-06-30 13:48:06] GET /api/complaints
[2026-06-30 13:48:07] GET /api/users
[2026-06-30 13:48:07] GET /api/tasks
[2026-06-30 13:48:08] GET /api/tasks/15
[2026-06-30 13:48:08] GET /api/tasks/15/comments
[SSE] active connections: 1
[2026-06-30 13:49:59] POST /api/tasks/15/comments
[2026-06-30 13:49:59] GET /api/tasks
[2026-06-30 13:50:07] GET /task-files/1782827399895-924556119.docx
[2026-06-30 13:52:06] GET /api/events
[2026-06-30 13:53:03] GET /api/file-sharing
[SSE] active connections: 1
[2026-06-30 13:56:09] GET /api/events
[2026-06-30 13:58:04] GET /api/file-sharing
[SSE] active connections: 1
[2026-06-30 14:00:12] GET /api/events
[2026-06-30 14:03:03] GET /api/file-sharing
[2026-06-30 14:04:15] GET /api/events
[SSE] active connections: 1
[2026-06-30 14:08:03] GET /api/file-sharing
[2026-06-30 14:08:18] GET /api/events
[SSE] active connections: 1
[2026-06-30 14:12:21] GET /api/events
[2026-06-30 14:13:03] GET /api/file-sharing
[SSE] active connections: 1
[2026-06-30 14:16:24] GET /api/events
[2026-06-30 14:18:03] GET /api/tasks/due
[2026-06-30 14:18:03] GET /api/file-sharing
[SSE] active connections: 1
[2026-06-30 14:20:27] GET /api/events
[2026-06-30 14:23:03] GET /api/file-sharing
[2026-06-30 14:24:30] GET /api/events
[SSE] active connections: 1
[2026-06-30 14:28:03] GET /api/file-sharing
[2026-06-30 14:28:33] GET /api/events
[SSE] active connections: 1
[2026-06-30 14:32:36] GET /api/events
[2026-06-30 14:33:14] GET /api/file-sharing
[SSE] active connections: 1
[2026-06-30 14:36:39] GET /api/events
[2026-06-30 14:38:15] GET /api/file-sharing
[SSE] active connections: 1
[2026-06-30 14:40:42] GET /api/events
[2026-06-30 14:43:15] GET /api/file-sharing
[2026-06-30 14:43:53] GET /
[2026-06-30 14:43:53] GET /assets/index-nw-ulPMW.js
[2026-06-30 14:43:53] GET /assets/index-D8TJEX24.css
[2026-06-30 14:43:53] GET /assets/logo-CoKDm7tD.png
[2026-06-30 14:43:53] GET /api/dashboard/summary
[2026-06-30 14:43:53] GET /api/complaints
[2026-06-30 14:43:53] GET /api/complaints/stats
[2026-06-30 14:43:53] GET /api/auth/me
[2026-06-30 14:43:53] GET /api/tasks/due
[2026-06-30 14:43:54] GET /api/file-sharing
[2026-06-30 14:43:54] GET /api/events
[2026-06-30 14:43:54] GET /favicon.png
[2026-06-30 14:43:54] GET /api/complaints
[2026-06-30 14:43:54] GET /api/complaints/stats
[2026-06-30 14:43:54] GET /api/file-sharing
[2026-06-30 14:43:56] GET /api/tasks
[2026-06-30 14:43:56] GET /api/tasks
[2026-06-30 14:43:56] GET /api/complaints
[2026-06-30 14:43:57] GET /api/tasks
[2026-06-30 14:43:57] GET /api/users
[2026-06-30 14:44:18] GET /api/tasks/15/comments
[2026-06-30 14:44:18] GET /api/tasks/15
[2026-06-30 14:44:20] GET /task-files/1782827399895-924556119.docx
[2026-06-30 14:44:26] GET /task-files/1782827399895-924556119.docx
[2026-06-30 14:44:31] GET /task-files/1782460584010-653747752.pdf
[SSE] active connections: 1
[2026-06-30 14:47:57] GET /api/events
[2026-06-30 14:48:54] GET /api/file-sharing
[SSE] active connections: 1
[2026-06-30 14:52:00] GET /api/events
[2026-06-30 14:53:54] GET /api/file-sharing
[SSE] active connections: 1
[2026-06-30 14:56:03] GET /api/events
[2026-06-30 14:58:55] GET /api/file-sharing
[SSE] active connections: 1
[2026-06-30 15:00:06] GET /api/events
